<?xml version="1.0" encoding="UTF-8"?>
<!-- Generated by org.testng.reporters.JUnitReportReporter -->
<testsuite hostname="DESKTOP-QKJ121R" failures="0" tests="2" name="QSP.Demo3" time="0.007" errors="0" timestamp="2023-12-12T16:34:29 IST" skipped="0">
  <testcase classname="QSP.Demo3" name="test2" time="0.006"/>
  <system-out>
    <![CDATA[India]]>
  </system-out>
  <testcase classname="QSP.Demo3" name="test1" time="0.001"/>
  <system-out>
    <![CDATA[Hello]]>
  </system-out>
</testsuite> <!-- QSP.Demo3 -->
