<?xml version="1.0" encoding="UTF-8"?>
<!-- Generated by org.testng.reporters.JUnitReportReporter -->
<testsuite hostname="DESKTOP-QKJ121R" failures="0" tests="3" name="QSP1.RunnerScript" time="28.791" errors="0" timestamp="2023-12-13T22:26:24 IST" skipped="0">
  <testcase classname="QSP1.RunnerScript" name="validLogin2" time="14.826"/>
  <system-out/>
  <testcase classname="QSP1.RunnerScript" name="validLogin" time="7.911"/>
  <system-out/>
  <testcase classname="QSP1.RunnerScript" name="validLogin1" time="6.054"/>
  <system-out/>
</testsuite> <!-- QSP1.RunnerScript -->
