<?xml version="1.0" encoding="UTF-8"?>
<!-- Generated by org.testng.reporters.JUnitReportReporter -->
<testsuite hostname="DESKTOP-QKJ121R" failures="0" tests="2" name="QSP.Demo5" time="0.007" errors="0" timestamp="2023-12-12T16:43:16 IST" skipped="1">
  <testcase classname="QSP.Demo5" name="test2" time="0.007"/>
  <system-out>
    <![CDATA[India]]>
  </system-out>
  <testcase classname="QSP.Demo5" name="test1">
    <skipped/>
  </testcase> <!-- test1 -->
  <system-out/>
</testsuite> <!-- QSP.Demo5 -->
