<?xml version="1.0" encoding="UTF-8"?>
<!-- Generated by org.testng.reporters.JUnitReportReporter -->
<testsuite hostname="DESKTOP-QKJ121R" failures="0" tests="1" name="Package2.Test3" time="0.001" errors="0" timestamp="2023-12-13T15:59:37 IST" skipped="0">
  <testcase classname="Package2.Test3" name="test3" time="0.001"/>
  <system-out>
    <![CDATA[Hello World]]>
  </system-out>
</testsuite> <!-- Package2.Test3 -->
