<?xml version="1.0" encoding="UTF-8"?>
<!-- Generated by org.testng.reporters.JUnitReportReporter -->
<testsuite hostname="DESKTOP-QKJ121R" failures="0" tests="2" name="Package1.Test2" time="0.002" errors="0" timestamp="2023-12-13T15:59:37 IST" skipped="0">
  <testcase classname="Package1.Test2" name="test2" time="0.001"/>
  <system-out>
    <![CDATA[India]]>
  </system-out>
  <testcase classname="Package1.Test2" name="test1" time="0.001"/>
  <system-out>
    <![CDATA[Hello]]>
  </system-out>
</testsuite> <!-- Package1.Test2 -->
