<?xml version="1.0" encoding="UTF-8"?>
<!-- Generated by org.testng.reporters.JUnitReportReporter -->
<testsuite hostname="DESKTOP-QKJ121R" failures="0" tests="2" name="Package2.Test4" time="0.013" errors="0" timestamp="2023-12-13T15:59:37 IST" skipped="0">
  <testcase classname="Package2.Test4" name="test2" time="0.011"/>
  <system-out>
    <![CDATA[Selenium]]>
  </system-out>
  <testcase classname="Package2.Test4" name="test1" time="0.002"/>
  <system-out>
    <![CDATA[Java]]>
  </system-out>
</testsuite> <!-- Package2.Test4 -->
