<?xml version="1.0" encoding="UTF-8"?>
<!-- Generated by org.testng.reporters.JUnitReportReporter -->
<testsuite hostname="DESKTOP-QKJ121R" failures="0" tests="1" name="QSP1.Assert" time="6.144" errors="0" timestamp="2023-12-15T14:10:44 IST" skipped="0">
  <testcase classname="QSP1.Assert" name="validLogin" time="6.144"/>
  <system-out/>
</testsuite> <!-- QSP1.Assert -->
