<?xml version="1.0" encoding="UTF-8"?>
<!-- Generated by org.testng.reporters.JUnitReportReporter -->
<testsuite hostname="DESKTOP-QKJ121R" failures="0" tests="1" name="Package1.Test1" time="0.000" errors="0" timestamp="2023-12-13T15:59:37 IST" skipped="0">
  <testcase classname="Package1.Test1" name="test3" time="0.000"/>
  <system-out>
    <![CDATA[Karnataka]]>
  </system-out>
</testsuite> <!-- Package1.Test1 -->
