<?xml version="1.0" encoding="UTF-8"?>
<!-- Generated by org.testng.reporters.JUnitReportReporter -->
<testsuite hostname="DESKTOP-QKJ121R" failures="0" tests="1" name="QSP.Demo2" time="0.000" errors="0" timestamp="2023-12-13T16:01:41 IST" skipped="0">
  <testcase classname="QSP.Demo2" name="test3" time="0.000"/>
  <system-out>
    <![CDATA[World]]>
  </system-out>
</testsuite> <!-- QSP.Demo2 -->
